{
    "critiques": {
        "680": {
            "rubric_items": {
                "5510": {
                    "result": "failed",
                    "observation": "Not all of the tests passed.\n\n```\n************************************************************************\n                         Test Failure Feedback                          \n************************************************************************\n\nFailed Test: 9. Test iterative deepening in AlphaBetaPlayer.get_move()\n----------------------------------------------------------------------\nAssertionError: False is not true : Your agent did not call the search function self.alphabeta() the expected number of times.  Iterative deepening should call the search function with sequential values until SearchTimeout is raised. SearchTimeout was set to be raised after 24 moves, and your agent called the search function 1 times.\n\n\nFailed Test: 10. Test that AlphaBetaPlayer successfully plays a full game\n----------------------------------------------------------------------\nTraceback (most recent call last):\nNameError: name 'best_move' is not defined\n\nDuring handling of the above exception, another exception occurred:\n\nAssertionError: Your agent raised an error while attempting to play a complete game against another agent.  Make sure that your agent can play an entire game -- including selecting initial moves on an empty board.\nException: name 'best_move' is not defined\n\n\nFailed Test: 11. Test output interface of custom_score()\n----------------------------------------------------------------------\nAssertionError: -2 is not an instance of <class 'float'> : The custom_score() function should return a floating point value, but your function returned <class 'int'>\n\n\nFailed Test: 12. Test output interface of custom_score_2()\n----------------------------------------------------------------------\nAssertionError: -2 is not an instance of <class 'float'> : The custom_score_2() function should return a floating point value, but your function returned <class 'int'>\n\n\nFailed Test: 13. Test output interface of custom_score_3()\n----------------------------------------------------------------------\nAssertionError: -2 is not an instance of <class 'float'> : The custom_score_3() function should return a floating point value, but your function returned <class 'int'>\n\n\n************************************************************************\n                          Test Result Summary                           \n************************************************************************\n\n1. Test output interface of MinimaxPlayer.minimax():                   .\n2. Test functionality of MinimaxPlayer.minimax():                      .\n3. Test that minimax() raises SearchTimeout when the timer expires:    .\n4. Test that MinimaxPlayer successfully plays a full game:             .\n5. Test interface of AlphaBetaPlayer.alphabeta():                      .\n6. Test the interface of AlphaBetaPlayer.get_move():                   .\n7. Test functionality of AlphaBetaPlayer.alphabeta():                  .\n8. Test that alphabeta() raises SearchTimeout when the timer expires:  .\n9. Test iterative deepening in AlphaBetaPlayer.get_move():             F\n10. Test that AlphaBetaPlayer successfully plays a full game:          F\n11. Test output interface of custom_score():                           F\n12. Test output interface of custom_score_2():                         F\n13. Test output interface of custom_score_3():                         F\n\n------------------------------------------------------------------------\n            . - Test Passed    F - Test Failed    E - Error             \n\n```"
                }
            }
        }
    }
}